avatar_code: null
date_time: "2022-03-12T15:20:33.120909+03:30"
filimo_id: "257643"
id: 19
is_challenge_unlock: false
is_play_again: false
is_team_head: true
is_team_member: true
mobile: null
total_score: 741
unique_code: "b9d74"
user_name: null




avator_code: "101"
id: 4
members: [{…}]
name: "شیر آبی"
team_leader: 19
total_score: 0



name: "پوستر"
poster1: "http://37.152.185.94:8001/media/poster/images.jpg"
poster2: "http://37.152.185.94:8001/media/poster/cq1ndsj6.jpg"




avatar_code: null
filimo_id: "257643"
id: 19
mobile: null
total_score: 741
user_name: null
user_rank: 1


avator_code: "e21"
id: 1
name: "pers"
total_score: 0


avatar_code: null
filimo_id: "852411"
id: 14
mobile: null
ref_score: 751
referral_rank: 1
user_name: null

                              src={e.avator_code ? require(`images/common/avatars/${FindAvatarAdd(e.avatar_code)}`) : require(`images/common/avatars/${FindAvatarAdd(217)}`)}
